0 info it worked if it ends with ok
1 verbose cli [ 'node', '/usr/local/bin/npm', 'update', '-g', 'ember-cli' ]
2 info using npm@2.6.0
3 info using node@v0.10.35
4 silly mapToRegistry name ember-cli
5 silly mapToRegistry using default registry
6 silly mapToRegistry registry https://registry.npmjs.org/
7 silly mapToRegistry uri https://registry.npmjs.org/ember-cli
8 verbose request uri https://registry.npmjs.org/ember-cli
9 verbose request no auth needed
10 info attempt registry request try #1 at 22:27:00
11 verbose request id 215f380333c0b5d6
12 verbose etag "8J3RS09TZBBNR55DF590OH813"
13 http request GET https://registry.npmjs.org/ember-cli
14 http 304 https://registry.npmjs.org/ember-cli
15 silly get cb [ 304,
15 silly get   { date: 'Mon, 23 Feb 2015 03:26:57 GMT',
15 silly get     server: 'Apache',
15 silly get     via: '1.1 varnish',
15 silly get     'last-modified': 'Mon, 23 Feb 2015 03:26:57 GMT',
15 silly get     'cache-control': 'max-age=60',
15 silly get     etag: '"8J3RS09TZBBNR55DF590OH813"',
15 silly get     age: '0',
15 silly get     'x-served-by': 'cache-ord1735-ORD',
15 silly get     'x-cache': 'HIT',
15 silly get     'x-cache-hits': '1',
15 silly get     'x-timer': 'S1424662017.249265,VS0,VE284',
15 silly get     vary: 'Accept',
15 silly get     'content-length': '0',
15 silly get     'keep-alive': 'timeout=10, max=50',
15 silly get     connection: 'Keep-Alive' } ]
16 verbose etag https://registry.npmjs.org/ember-cli from cache
17 verbose get saving ember-cli to /home/rikki/.npm/registry.npmjs.org/ember-cli/.cache.json
18 info outdated updating []
19 verbose stack Error: EMFILE, readdir '/home/rikki/npm/lib/node_modules/ember-cli'
20 verbose cwd /home/rikki/Projects/movement/can-events
21 error Linux 3.13.0-45-generic
22 error argv "node" "/usr/local/bin/npm" "update" "-g" "ember-cli"
23 error node v0.10.35
24 error npm  v2.6.0
25 error path /home/rikki/npm/lib/node_modules/ember-cli
26 error code EMFILE
27 error errno 20
28 error EMFILE, readdir '/home/rikki/npm/lib/node_modules/ember-cli'
29 error If you need help, you may report this error at:
29 error     <http://github.com/npm/npm/issues>
30 verbose exit [ 20, true ]
